This is pdfeTeX, Version 3.141592-1.21a-2.2 (Web2C 7.5.4) (format=pdflatex 2005.9.13)  10 JUL 2006 12:53
entering extended mode
**usermanual.tex
(./usermanual.tex
LaTeX2e <2003/12/01>
Babel <v3.8d> and hyphenation patterns for american, french, german, ngerman, b
ahasa, basque, bulgarian, catalan, croatian, czech, danish, dutch, esperanto, e
stonian, finnish, greek, icelandic, irish, italian, latin, magyar, norsk, polis
h, portuges, romanian, russian, serbian, slovak, slovene, spanish, swedish, tur
kish, ukrainian, nohyphenation, loaded.
(/usr/share/texmf/tex/latex/base/article.cls
Document Class: article 2004/02/16 v1.4f Standard LaTeX document class
(/usr/share/texmf/tex/latex/base/size11.clo
File: size11.clo 2004/02/16 v1.4f Standard LaTeX file (size option)
)
\c@part=\count79
\c@section=\count80
\c@subsection=\count81
\c@subsubsection=\count82
\c@paragraph=\count83
\c@subparagraph=\count84
\c@figure=\count85
\c@table=\count86
\abovecaptionskip=\skip41
\belowcaptionskip=\skip42
\bibindent=\dimen102
)
(/usr/share/texmf/tex/latex/graphics/graphicx.sty
Package: graphicx 1999/02/16 v1.0f Enhanced LaTeX Graphics (DPC,SPQR)

(/usr/share/texmf/tex/latex/graphics/keyval.sty
Package: keyval 1999/03/16 v1.13 key=value parser (DPC)
\KV@toks@=\toks14
)
(/usr/share/texmf/tex/latex/graphics/graphics.sty
Package: graphics 2001/07/07 v1.0n Standard LaTeX Graphics (DPC,SPQR)

(/usr/share/texmf/tex/latex/graphics/trig.sty
Package: trig 1999/03/16 v1.09 sin cos tan (DPC)
)
(/usr/share/texmf/tex/latex/graphics/graphics.cfg
File: graphics.cfg 2005/02/03 v1.3 graphics configuration of teTeX/TeXLive
)
Package graphics Info: Driver file: pdftex.def on input line 80.

(/usr/share/texmf/tex/latex/graphics/pdftex.def
File: pdftex.def 2002/06/19 v0.03k graphics/color for pdftex
\Gread@gobject=\count87
))
\Gin@req@height=\dimen103
\Gin@req@width=\dimen104
)
(/usr/share/texmf/tex/latex/graphics/color.sty
Package: color 1999/02/16 v1.0i Standard LaTeX Color (DPC)

(/usr/share/texmf/tex/latex/graphics/color.cfg
File: color.cfg 2005/02/03 v1.3 color configuration of teTeX/TeXLive
)
Package color Info: Driver file: pdftex.def on input line 125.
)
(/usr/share/texmf/tex/latex/html/html.sty
(/usr/share/texmf/tex/latex/hyperref/hyperref.sty
Package: hyperref 2003/11/30 v6.74m Hypertext links for LaTeX
\@linkdim=\dimen105
\Hy@linkcounter=\count88
\Hy@pagecounter=\count89

(/usr/share/texmf/tex/latex/hyperref/pd1enc.def
File: pd1enc.def 2003/11/30 v6.74m Hyperref: PDFDocEncoding definition (HO)
)
(/usr/share/texmf/tex/latex/hyperref/hyperref.cfg
File: hyperref.cfg 2005/03/07 hyperref configuration of teTeX 3.0
)
Package hyperref Info: Option `colorlinks' set `true' on input line 1830.
Package hyperref Info: Hyper figures OFF on input line 1880.
Package hyperref Info: Link nesting OFF on input line 1885.
Package hyperref Info: Hyper index ON on input line 1888.
Package hyperref Info: Plain pages ON on input line 1893.
Package hyperref Info: Backreferencing OFF on input line 1900.

Implicit mode ON; LaTeX internals redefined
Package hyperref Info: Bookmarks ON on input line 2004.
(/usr/share/texmf/tex/latex/html/url.sty
Package: url 1999/03/02  ver 1.4  Verb mode for urls, email addresses, and file
 names
)
LaTeX Info: Redefining \url on input line 2143.
\Fld@menulength=\count90
\Field@Width=\dimen106
\Fld@charsize=\dimen107
\Choice@toks=\toks15
\Field@toks=\toks16
Package hyperref Info: Hyper figures OFF on input line 2618.
Package hyperref Info: Link nesting OFF on input line 2623.
Package hyperref Info: Hyper index ON on input line 2626.
Package hyperref Info: backreferencing OFF on input line 2633.
Package hyperref Info: Link coloring ON on input line 2636.
\c@Item=\count91
\c@Hfootnote=\count92
)
*hyperref using driver hpdftex*
(/usr/share/texmf/tex/latex/hyperref/hpdftex.def
File: hpdftex.def 2003/11/30 v6.74m Hyperref driver for pdfTeX

(/usr/share/texmf/tex/latex/psnfss/pifont.sty
Package: pifont 2004/09/15 PSNFSS-v9.2 Pi font support (SPQR) 
LaTeX Font Info:    Try loading font information for U+pzd on input line 63.

(/usr/share/texmf/tex/latex/psnfss/upzd.fd
File: upzd.fd 2001/06/04 font definitions for U/pzd.
)
LaTeX Font Info:    Try loading font information for U+psy on input line 64.

(/usr/share/texmf/tex/latex/psnfss/upsy.fd
File: upsy.fd 2001/06/04 font definitions for U/psy.
))
\Fld@listcount=\count93
\@outlinefile=\write3
)
Package: html 1999/07/19 v1.38 hypertext commands for latex2html (nd, hws, rrm)

\c@lpart=\count94
\c@lchapter=\count95
\c@chapter=\count96
\c@lsection=\count97
\c@lsubsection=\count98
\c@lsubsubsection=\count99
\c@lparagraph=\count100
\c@lsubparagraph=\count101
\c@lsubsubparagraph=\count102
\ptrfile=\write4
)
(/usr/share/texmf/tex/latex/a4wide/a4wide.sty
Package: a4wide 1994/08/30

(/usr/share/texmf/tex/latex/ntgclass/a4.sty
Package: a4 2004/04/15 v1.2g A4 based page layout
)) (./doxygen.tex
(/usr/share/texmf/tex/latex/tools/array.sty
Package: array 2003/12/17 v2.4a Tabular extension package (FMi)
\col@sep=\dimen108
\extrarowheight=\dimen109
\NC@list=\toks17
\extratabsurround=\skip43
\backup@length=\skip44
)) (./usermanual.aux)
\openout1 = `usermanual.aux'.

LaTeX Font Info:    Checking defaults for OML/cmm/m/it on input line 64.
LaTeX Font Info:    ... okay on input line 64.
LaTeX Font Info:    Checking defaults for T1/cmr/m/n on input line 64.
LaTeX Font Info:    ... okay on input line 64.
LaTeX Font Info:    Checking defaults for OT1/cmr/m/n on input line 64.
LaTeX Font Info:    ... okay on input line 64.
LaTeX Font Info:    Checking defaults for OMS/cmsy/m/n on input line 64.
LaTeX Font Info:    ... okay on input line 64.
LaTeX Font Info:    Checking defaults for OMX/cmex/m/n on input line 64.
LaTeX Font Info:    ... okay on input line 64.
LaTeX Font Info:    Checking defaults for U/cmr/m/n on input line 64.
LaTeX Font Info:    ... okay on input line 64.
LaTeX Font Info:    Checking defaults for PD1/pdf/m/n on input line 64.
LaTeX Font Info:    ... okay on input line 64.

(/usr/share/texmf/tex/context/base/supp-pdf.tex
(/usr/share/texmf/tex/context/base/supp-mis.tex
loading : Context Support Macros / Miscellaneous (2004.10.26)
\protectiondepth=\count103
\scratchcounter=\count104
\scratchtoks=\toks18
\scratchdimen=\dimen110
\scratchskip=\skip45
\scratchmuskip=\muskip10
\scratchbox=\box26
\scratchread=\read1
\scratchwrite=\write5
\zeropoint=\dimen111
\onepoint=\dimen112
\onebasepoint=\dimen113
\minusone=\count105
\thousandpoint=\dimen114
\onerealpoint=\dimen115
\emptytoks=\toks19
\nextbox=\box27
\nextdepth=\dimen116
\everyline=\toks20
\!!counta=\count106
\!!countb=\count107
\recursecounter=\count108
)
loading : Context Support Macros / PDF (2004.03.26)
\nofMPsegments=\count109
\nofMParguments=\count110
\MPscratchCnt=\count111
\MPscratchDim=\dimen117
\MPnumerator=\count112
\everyMPtoPDFconversion=\toks21
)
Package hyperref Info: Link coloring ON on input line 64.
 (/usr/share/texmf/tex/latex/hyperref/nameref.sty
Package: nameref 2003/12/03 v2.21 Cross-referencing by name of section
\c@section@level=\count113
)
LaTeX Info: Redefining \ref on input line 64.
LaTeX Info: Redefining \pageref on input line 64.
 (./usermanual.out)
(./usermanual.out)
\openout3 = `usermanual.out'.

 (./um-tp-paper.tex
LaTeX Font Info:    Try loading font information for OMS+cmr on input line 14.

(/usr/share/texmf/tex/latex/base/omscmr.fd
File: omscmr.fd 1999/05/25 v2.5h Standard LaTeX font definitions
)
LaTeX Font Info:    Font shape `OMS/cmr/m/n' in size <14.4> not available
(Font)              Font shape `OMS/cmsy/m/n' tried instead on input line 14.
LaTeX Font Info:    External font `cmex10' loaded for size
(Font)              <14.4> on input line 15.
LaTeX Font Info:    External font `cmex10' loaded for size
(Font)              <7> on input line 15.
Missing character: There is no © in font cmr8!
LaTeX Font Info:    External font `cmex10' loaded for size
(Font)              <8> on input line 49.
LaTeX Font Info:    External font `cmex10' loaded for size
(Font)              <6> on input line 49.
LaTeX Font Info:    External font `cmex10' loaded for size
(Font)              <5> on input line 49.
 [1

{/var/lib/texmf/fonts/map/pdftex/updmap/pdftex.map}]) (./usermanual.toc
LaTeX Font Info:    External font `cmex10' loaded for size
(Font)              <10.95> on input line 2.
 [2

] [3] [4])
\tf@toc=\write6
\openout6 = `usermanual.toc'.

 (./prelim.tex (./about.tex) [5]
LaTeX Font Info:    Font shape `OMS/cmr/m/n' in size <10.95> not available
(Font)              Font shape `OMS/cmsy/m/n' tried instead on input line 90.
 [6]
LaTeX Font Info:    External font `cmex10' loaded for size
(Font)              <9> on input line 112.
LaTeX Font Info:    Font shape `OMS/cmr/m/n' in size <10> not available
(Font)              Font shape `OMS/cmsy/m/n' tried instead on input line 149.
) [7] [8] (./getstarted.tex
<first-model.pdf, id=746, 272.01625pt x 60.225pt>
File: first-model.pdf Graphic file (type pdf)
 <use first-model.pdf>
[9

 <./first-model.pdf>] [10]
<first-model-csim.pdf, id=789, 398.48875pt x 54.2025pt>
File: first-model-csim.pdf Graphic file (type pdf)

<use first-model-csim.pdf> [11 <./first-model-csim.pdf>]
Underfull \hbox (badness 10000) in paragraph at lines 213--221
[]\OT1/cmr/m/n/10.95 The out-put in-di-cates that \OT1/cmtt/m/n/10.95 t.channel
(1).data \OT1/cmr/m/n/10.95 holds the \OT1/cmtt/m/n/10.95 psr \OT1/cmr/m/n/10.9
5 trace
 []

<first-model-output.pdf, id=810, 497.86pt x 400.49625pt>
File: first-model-output.pdf Graphic file (type pdf)

<use first-model-output.pdf> [12]) (./inout.tex [13 <./first-model-output.pdf>]
LaTeX Font Info:    Font shape `OT1/cmtt/bx/n' in size <10.95> not available
(Font)              Font shape `OT1/cmtt/m/n' tried instead on input line 93.
[14]
LaTeX Font Info:    Try loading font information for OMS+cmtt on input line 151
.
LaTeX Font Info:    No file OMScmtt.fd. on input line 151.


LaTeX Font Warning: Font shape `OMS/cmtt/m/n' undefined
(Font)              using `OMS/cmsy/m/n' instead
(Font)              for symbol `textbraceleft' on input line 151.

) (./additional.tex [15]) (./usermodels.tex [16] (./fields.tex [17] [18]
[19]
Underfull \hbox (badness 10000) in paragraph at lines 101--101
[]\OT1/cmr/m/n/10.95 The bi-na-ries are \OT1/cmtt/m/n/10.95 lsm/develop/reggen/
bin/reggen \OT1/cmr/m/n/10.95 for Linux and
 []

)) [20] (./cmd_ref.tex [21

]
Underfull \hbox (badness 2310) in paragraph at lines 140--145
[]\OT1/cmtt/m/n/10.95 csim('connect',recIdx,objIdx,fieldName); \OT1/cmr/m/n/10.
95 con-nects the ob-ject with han-dle
 []

[22] [23]
Underfull \hbox (badness 10000) in paragraph at lines 286--291
[]\OT1/cmtt/m/n/10.95 [incomming,outgoing]=csim('get',idx,'connections'); \OT1/
cmr/m/n/10.95 re-turns the in-
 []

) (./um_class_ref.tex [24] [25] [26] [27] [28] [29] [30] [31] [32] [33]
[34] [35] [36]
Overfull \hbox (155.27281pt too wide) detected at line 598
\OML/cmm/m/it/10.95 C[][] \OT1/cmr/m/n/10.95 = \OMS/cmtt/m/n/10.95 ^^@[] ^^@ []
 \OML/cmm/m/it/10.95 g[]\OT1/cmr/m/n/10.95 (\OML/cmm/m/it/10.95 t\OT1/cmr/m/n/1
0.95 )(\OML/cmm/m/it/10.95 V[] \OMS/cmtt/m/n/10.95 ^^@ \OML/cmm/m/it/10.95 E[]\
OT1/cmr/m/n/10.95 ) + [] \OML/cmm/m/it/10.95 I[]\OT1/cmr/m/n/10.95 (\OML/cmm/m/
it/10.95 t\OT1/cmr/m/n/10.95 ) + [] \OML/cmm/m/it/10.95 g[]\OT1/cmr/m/n/10.95 (
\OML/cmm/m/it/10.95 t\OT1/cmr/m/n/10.95 )(\OML/cmm/m/it/10.95 V[] \OMS/cmtt/m/n
/10.95 ^^@ \OML/cmm/m/it/10.95 E[]\OT1/cmr/m/n/10.95 ) + \OML/cmm/m/it/10.95 g[
]\OT1/cmr/m/n/10.95 (\OML/cmm/m/it/10.95 t\OT1/cmr/m/n/10.95 )(\OML/cmm/m/it/10
.95 V[] \OMS/cmtt/m/n/10.95 ^^@ \OML/cmm/m/it/10.95 E[]\OT1/cmr/m/n/10.95 ) + \
OML/cmm/m/it/10.95 g[]\OT1/cmr/m/n/10.95 (\OML/cmm/m/it/10.95 t\OT1/cmr/m/n/10.
95 )(\OML/cmm/m/it/10.95 V[] \OMS/cmtt/m/n/10.95 ^^@ \OML/cmm/m/it/10.95 E[]\OT
1/cmr/m/n/10.95 ) + \OML/cmm/m/it/10.95 I[]
 []

[37] [38] [39] [40] [41] [42]
Underfull \hbox (badness 6300) in paragraph at lines 868--869
[]\OT1/cmr/m/n/10 Extended mul-ti-plica-tive pos-i-tive up-date: $\OML/cmm/m/it
/10 dw \OT1/cmr/m/n/10 = (\OML/cmm/m/it/10 Wex \OMS/cmsy/m/n/10 ^^@ \OML/cmm/m/
it/10 W\OT1/cmr/m/n/10 )[] \OMS/cmsy/m/n/10 ^^C \OML/cmm/m/it/10 Apos \OMS/cmsy
/m/n/10 ^^C
 []

[43] [44] [45] [46] [47] [48] [49] [50] [51] [52] [53] [54] [55] [56] [57]
[58] [59]
Underfull \hbox (badness 6300) in paragraph at lines 1870--1871
[]\OT1/cmr/m/n/10 Extended mul-ti-plica-tive pos-i-tive up-date: $\OML/cmm/m/it
/10 dw \OT1/cmr/m/n/10 = (\OML/cmm/m/it/10 Wex \OMS/cmsy/m/n/10 ^^@ \OML/cmm/m/
it/10 W\OT1/cmr/m/n/10 )[] \OMS/cmsy/m/n/10 ^^C \OML/cmm/m/it/10 Apos \OMS/cmsy
/m/n/10 ^^C
 []

[60] [61] [62]) (./usermanual.bbl) [63] (./usermanual.aux)

LaTeX Font Warning: Some font shapes were not available, defaults substituted.

 ) 
Here is how much of TeX's memory you used:
 3796 strings out of 94499
 51790 string characters out of 1172810
 100233 words of memory out of 3500000
 6371 multiletter control sequences out of 10000+50000
 16906 words of font info for 60 fonts, out of 500000 for 2000
 580 hyphenation exceptions out of 1000
 34i,8n,38p,1057b,350s stack positions out of 1500i,500n,5000p,200000b,5000s
PDF statistics:
 1535 PDF objects out of 300000
 524 named destinations out of 131072
 1000 words of extra memory for PDF output out of 65536

! pdfTeX warning (dest): name{classTraubs__HH__m__Gate} has been referenced but
 does not exist, replaced by a fixed one

! pdfTeX warning (dest): name{classTraubs__HH__h__Gate} has been referenced but
 does not exist, replaced by a fixed one

! pdfTeX warning (dest): name{classTraubs__HH__n__Gate} has been referenced but
 does not exist, replaced by a fixed one

! pdfTeX warning (dest): name{classSIChGate__Maciokas02} has been referenced bu
t does not exist, replaced by a fixed one

! pdfTeX warning (dest): name{classSICmGate__Maciokas02} has been referenced bu
t does not exist, replaced by a fixed one

! pdfTeX warning (dest): name{classcsimRecorder_o0} has been referenced but doe
s not exist, replaced by a fixed one

! pdfTeX warning (dest): name{classRecorder_o0} has been referenced but does no
t exist, replaced by a fixed one

! pdfTeX warning (dest): name{classNPmGate__McCormick92} has been referenced bu
t does not exist, replaced by a fixed one

! pdfTeX warning (dest): name{classMnGate__Mainen96} has been referenced but do
es not exist, replaced by a fixed one

! pdfTeX warning (dest): name{classKlGate__Korngreen02} has been referenced but
 does not exist, replaced by a fixed one

! pdfTeX warning (dest): name{classKnGate__Korngreen02} has been referenced but
 does not exist, replaced by a fixed one

! pdfTeX warning (dest): name{classKCAnGate__Mainen96} has been referenced but 
does not exist, replaced by a fixed one

! pdfTeX warning (dest): name{classHVACAvGate__Brown93} has been referenced but
 does not exist, replaced by a fixed one

! pdfTeX warning (dest): name{classHVACAuGate__Brown93} has been referenced but
 does not exist, replaced by a fixed one

! pdfTeX warning (dest): name{classHH__m__Gate} has been referenced but does no
t exist, replaced by a fixed one

! pdfTeX warning (dest): name{classHH__h__Gate} has been referenced but does no
t exist, replaced by a fixed one

! pdfTeX warning (dest): name{classHH__n__Gate} has been referenced but does no
t exist, replaced by a fixed one

! pdfTeX warning (dest): name{classHnGate__Stuart98} has been referenced but do
es not exist, replaced by a fixed one

! pdfTeX warning (dest): name{classStdpSynapse} has been referenced but does no
t exist, replaced by a fixed one

! pdfTeX warning (dest): name{classCALhGate__Destexhe98} has been referenced bu
t does not exist, replaced by a fixed one

! pdfTeX warning (dest): name{classCALmGate__Destexhe98} has been referenced bu
t does not exist, replaced by a fixed one

! pdfTeX warning (dest): name{classActiveChannel_o0} has been referenced but do
es not exist, replaced by a fixed one

! pdfTeX warning (dest): name{classIonChannel_o1} has been referenced but does 
not exist, replaced by a fixed one

! pdfTeX warning (dest): name{classIonGate} has been referenced but does not ex
ist, replaced by a fixed one

! pdfTeX warning (dest): name{classAlGate__Korngreen02} has been referenced but
 does not exist, replaced by a fixed one

! pdfTeX warning (dest): name{classAnGate__Korngreen02} has been referenced but
 does not exist, replaced by a fixed one

! pdfTeX warning (dest): name{classAhGate__Hoffman97} has been referenced but d
oes not exist, replaced by a fixed one

! pdfTeX warning (dest): name{classAmGate__Hoffman97} has been referenced but d
oes not exist, replaced by a fixed one

! pdfTeX warning (dest): name{csimclass_8h_a8} has been referenced but does not
 exist, replaced by a fixed one

! pdfTeX warning (dest): name{csimclass_8h_a6} has been referenced but does not
 exist, replaced by a fixed one

! pdfTeX warning (dest): name{csimclass_8h_a7} has been referenced but does not
 exist, replaced by a fixed one

! pdfTeX warning (dest): name{classcsimClassInfo_z1_0} has been referenced but 
does not exist, replaced by a fixed one

! pdfTeX warning (dest): name{classcsimClassInfoDB_a2} has been referenced but 
does not exist, replaced by a fixed one

! pdfTeX warning (dest): name{classcsimFieldInfo} has been referenced but does 
not exist, replaced by a fixed one

! pdfTeX warning (dest): name{classcsimClassInfo} has been referenced but does 
not exist, replaced by a fixed one

! pdfTeX warning (dest): name{classcsimClassInfoDB} has been referenced but doe
s not exist, replaced by a fixed one

! pdfTeX warning (dest): name{classcsimClass} has been referenced but does not 
exist, replaced by a fixed one

! pdfTeX warning (dest): name{sec:input} has been referenced but does not exist
, replaced by a fixed one

! pdfTeX warning (dest): name{cmd:simulate} has been referenced but does not ex
ist, replaced by a fixed one

</usr/share/texmf/fonts/type1/bluesky/cm/cmsy8.pfb></usr/share/texmf/fonts/type
1/bluesky/cm/cmti8.pfb></usr/share/texmf/fonts/type1/bluesky/cm/cmmi6.pfb></usr
/share/texmf/fonts/type1/bluesky/cm/cmex10.pfb></usr/share/texmf/fonts/type1/bl
uesky/cm/cmmi8.pfb></usr/share/texmf/fonts/type1/bluesky/cm/cmmi7.pfb></usr/sha
re/texmf/fonts/type1/bluesky/cm/cmmi9.pfb></usr/share/texmf/fonts/type1/bluesky
/cm/cmmi10.pfb></usr/share/texmf/fonts/type1/bluesky/cm/cmss9.pfb></usr/share/t
exmf/fonts/type1/bluesky/cm/cmtt9.pfb></usr/share/texmf/fonts/type1/bluesky/cm/
cmr9.pfb></usr/share/texmf/fonts/type1/bluesky/cm/cmr6.pfb></usr/share/texmf/fo
nts/type1/bluesky/cm/cmr7.pfb></usr/share/texmf/fonts/type1/bluesky/cm/cmtt10.p
fb></usr/share/texmf/fonts/type1/bluesky/cm/cmti10.pfb></usr/share/texmf/fonts/
type1/bluesky/cm/cmss10.pfb></usr/share/texmf/fonts/type1/bluesky/cm/cmr10.pfb>
</usr/share/texmf/fonts/type1/bluesky/cm/cmbx10.pfb></usr/share/texmf/fonts/typ
e1/bluesky/cm/cmtt8.pfb></usr/share/texmf/fonts/type1/bluesky/cm/cmss8.pfb></us
r/share/texmf/fonts/type1/bluesky/cm/cmr8.pfb></usr/share/texmf/fonts/type1/blu
esky/cm/cmtt12.pfb></usr/share/texmf/fonts/type1/bluesky/cm/cmsy10.pfb></usr/sh
are/texmf/fonts/type1/bluesky/cm/cmr12.pfb></usr/share/texmf/fonts/type1/bluesk
y/cm/cmbxti10.pfb></usr/share/texmf/fonts/type1/bluesky/cm/cmbx12.pfb></usr/sha
re/texmf/fonts/type1/bluesky/cm/cmssbx10.pfb>
Output written on usermanual.pdf (63 pages, 542086 bytes).
